<?xml version="1.0" encoding="UTF-8"?>
<!-- Generated by org.testng.reporters.JUnitReportReporter -->
<testsuite hostname="SharathVirat" failures="0" tests="2" name="Automation.Tests.ZaraCoat3_POM_Standard_e2e_morph" time="18.598" errors="0" timestamp="2025-10-25T17:34:33 IST" skipped="0">
  <testcase classname="Automation.Tests.ZaraCoat3_POM_Standard_e2e_morph" name="submitOrder" time="9.156"/>
  <testcase classname="Automation.Tests.ZaraCoat3_POM_Standard_e2e_morph" name="submitOrder" time="9.442"/>
</testsuite> <!-- Automation.Tests.ZaraCoat3_POM_Standard_e2e_morph -->
