<?xml version="1.0" encoding="UTF-8"?>
<!-- Generated by org.testng.reporters.JUnitReportReporter -->
<testsuite hostname="SharathVirat" failures="0" tests="1" name="Automation.Tests.ErrorValidations" time="3.094" errors="0" timestamp="2025-10-25T11:36:13 IST" skipped="0">
  <testcase classname="Automation.Tests.ErrorValidations" name="LoginErrorValidation" time="3.094"/>
</testsuite> <!-- Automation.Tests.ErrorValidations -->
