<?xml version="1.0" encoding="UTF-8"?>
<!-- Generated by org.testng.reporters.JUnitReportReporter -->
<testsuite hostname="SharathVirat" failures="0" tests="2" name="Automation.Tests.ZaraCoat3_POM_Standard_e2e_morph" time="27.617" errors="0" timestamp="2025-10-25T12:34:06 IST" skipped="0">
  <testcase classname="Automation.Tests.ZaraCoat3_POM_Standard_e2e_morph" name="OrderHistoryTest" time="6.362"/>
  <testcase classname="Automation.Tests.ZaraCoat3_POM_Standard_e2e_morph" name="submitOrder" time="21.255"/>
</testsuite> <!-- Automation.Tests.ZaraCoat3_POM_Standard_e2e_morph -->
