<?xml version="1.0" encoding="UTF-8"?>
<!-- Generated by org.testng.reporters.JUnitReportReporter -->
<testsuite hostname="SharathVirat" failures="0" tests="2" name="Automation.Tests.ErrorValidations" time="18.009" errors="0" timestamp="2025-10-23T23:41:11 IST" skipped="0">
  <testcase classname="Automation.Tests.ErrorValidations" name="SubmitOrderErrorValidation" time="15.609"/>
  <testcase classname="Automation.Tests.ErrorValidations" name="submitOrder" time="2.400"/>
</testsuite> <!-- Automation.Tests.ErrorValidations -->
