<?xml version="1.0" encoding="UTF-8"?>
<!-- Generated by org.testng.reporters.JUnitReportReporter -->
<testsuite hostname="SharathVirat" failures="0" tests="1" name="test" time="0.010" errors="0" timestamp="2025-10-31T00:22:41 IST" skipped="0">
  <testcase classname="test" name="test1233" time="0.010"/>
</testsuite> <!-- test -->
