<?xml version="1.0" encoding="UTF-8"?>
<!-- Generated by org.testng.reporters.JUnitReportReporter -->
<testsuite hostname="SharathVirat" failures="0" tests="1" name="Automation.Tests.Standard_e2e" time="9.547" errors="0" timestamp="2025-10-15T23:05:11 IST" skipped="0">
  <testcase classname="Automation.Tests.Standard_e2e" name="run" time="9.547"/>
</testsuite> <!-- Automation.Tests.Standard_e2e -->
