<?xml version="1.0" encoding="UTF-8"?>
<!-- Generated by org.testng.reporters.JUnitReportReporter -->
<testsuite hostname="SharathVirat" failures="0" tests="1" name="Automation.Tests.POM_TheFirstCode" time="20.619" errors="0" timestamp="2025-10-15T22:51:19 IST" skipped="0">
  <testcase classname="Automation.Tests.POM_TheFirstCode" name="submitOrder" time="20.619"/>
</testsuite> <!-- Automation.Tests.POM_TheFirstCode -->
