<?xml version="1.0" encoding="UTF-8"?>
<!-- Generated by org.testng.reporters.JUnitReportReporter -->
<testsuite hostname="SharathVirat" failures="0" tests="1" name="Automation.Tests.POM_Standard_e2e_Copy" time="20.452" errors="0" timestamp="2025-10-15T22:58:24 IST" skipped="0">
  <testcase classname="Automation.Tests.POM_Standard_e2e_Copy" name="submitOrder" time="20.452"/>
</testsuite> <!-- Automation.Tests.POM_Standard_e2e_Copy -->
