<?xml version="1.0" encoding="UTF-8"?>
<!-- Generated by org.testng.reporters.JUnitReportReporter -->
<testsuite hostname="SharathVirat" failures="0" tests="1" name="Automation.Tests.ErrorValidations" time="11.835" errors="0" timestamp="2025-10-23T23:16:10 IST" skipped="0">
  <testcase classname="Automation.Tests.ErrorValidations" name="submitOrder" time="11.835"/>
</testsuite> <!-- Automation.Tests.ErrorValidations -->
