<?xml version="1.0" encoding="UTF-8"?>
<!-- Generated by org.testng.reporters.JUnitReportReporter -->
<testsuite hostname="SharathVirat" failures="0" tests="1" name="Automation.Tests.ZaraCoat3_POM_Standard_e2e_morph" time="8.054" errors="0" timestamp="2025-10-25T13:10:59 IST" skipped="0">
  <testcase classname="Automation.Tests.ZaraCoat3_POM_Standard_e2e_morph" name="submitOrder" time="8.054"/>
</testsuite> <!-- Automation.Tests.ZaraCoat3_POM_Standard_e2e_morph -->
