<?xml version="1.0" encoding="UTF-8"?>
<!-- Generated by org.testng.reporters.JUnitReportReporter -->
<testsuite hostname="SharathVirat" failures="0" tests="1" name="Automation.Tests.ZaraCoat3_POM_Standard_e2e_morph" time="19.857" errors="0" timestamp="2025-10-23T22:53:42 IST" skipped="0">
  <testcase classname="Automation.Tests.ZaraCoat3_POM_Standard_e2e_morph" name="submitOrder" time="19.857"/>
</testsuite> <!-- Automation.Tests.ZaraCoat3_POM_Standard_e2e_morph -->
