<?xml version="1.0" encoding="UTF-8"?>
<!-- Generated by org.testng.reporters.JUnitReportReporter -->
<testsuite hostname="SharathVirat" failures="0" tests="1" name="Automation.Tests.ABC_TheFirstCode" time="11.665" errors="0" timestamp="2025-10-12T16:51:29 IST" skipped="0">
  <testcase classname="Automation.Tests.ABC_TheFirstCode" name="run" time="11.665"/>
</testsuite> <!-- Automation.Tests.ABC_TheFirstCode -->
