<?xml version="1.0" encoding="UTF-8"?>
<!-- Generated by org.testng.reporters.JUnitReportReporter -->
<testsuite hostname="SharathVirat" failures="0" tests="1" name="Automation.Tests.POM_Standard_e2e_Copy" time="8.155" errors="0" timestamp="2025-10-15T23:02:59 IST" skipped="0">
  <testcase classname="Automation.Tests.POM_Standard_e2e_Copy" name="submitOrder" time="8.155"/>
</testsuite> <!-- Automation.Tests.POM_Standard_e2e_Copy -->
