<?xml version="1.0" encoding="UTF-8"?>
<!-- Generated by org.testng.reporters.JUnitReportReporter -->
<testsuite hostname="SharathVirat" failures="0" tests="1" name="Automation.Tests.ZaraCoat3_Standard_e2e" time="12.078" errors="0" timestamp="2025-10-23T22:56:13 IST" skipped="0">
  <testcase classname="Automation.Tests.ZaraCoat3_Standard_e2e" name="run" time="12.078"/>
</testsuite> <!-- Automation.Tests.ZaraCoat3_Standard_e2e -->
