<?xml version="1.0" encoding="UTF-8"?>
<!-- Generated by org.testng.reporters.JUnitReportReporter -->
<testsuite hostname="SharathVirat" failures="0" tests="1" name="Automation.ExtentReports.ExtentReportDemo" time="4.753" errors="0" timestamp="2025-10-27T23:44:32 IST" skipped="0">
  <testcase classname="Automation.ExtentReports.ExtentReportDemo" name="initialDemo" time="4.753"/>
</testsuite> <!-- Automation.ExtentReports.ExtentReportDemo -->
