<?xml version="1.0" encoding="UTF-8"?>
<!-- Generated by org.testng.reporters.JUnitReportReporter -->
<testsuite hostname="SharathVirat" failures="0" tests="1" name="Automation.ExtentReports.ExtentReportDemo" time="3.790" errors="0" timestamp="2025-10-28T00:04:08 IST" skipped="0">
  <testcase classname="Automation.ExtentReports.ExtentReportDemo" name="initialDemo" time="3.790"/>
</testsuite> <!-- Automation.ExtentReports.ExtentReportDemo -->
