<?xml version="1.0" encoding="UTF-8"?>
<!-- Generated by org.testng.reporters.JUnitReportReporter -->
<testsuite hostname="SharathVirat" failures="0" tests="1" name="Automation.ExtentReports.ExtentReportDemo" time="19.487" errors="0" timestamp="2025-10-30T10:25:50 IST" skipped="0">
  <testcase classname="Automation.ExtentReports.ExtentReportDemo" name="initialDemo" time="19.487"/>
</testsuite> <!-- Automation.ExtentReports.ExtentReportDemo -->
